<?xml version="1.0" encoding="UTF-8"?>
<testng-results ignored="0" total="1" passed="1" failed="0" skipped="0">
  <reporter-output>
  </reporter-output>
  <suite started-at="2023-02-19T11:47:35 IST" name="Default suite" finished-at="2023-02-19T11:47:50 IST" duration-ms="14388">
    <groups>
    </groups>
    <test started-at="2023-02-19T11:47:35 IST" name="Default test" finished-at="2023-02-19T11:47:50 IST" duration-ms="14388">
      <class name="com.flipkart.testLayer.TestClass">
        <test-method is-config="true" signature="start()[pri:0, instance:com.flipkart.testLayer.TestClass@32eff876]" started-at="2023-02-19T11:47:35 IST" name="start" finished-at="2023-02-19T11:47:42 IST" duration-ms="6963" status="PASS">
          <reporter-output>
          </reporter-output>
        </test-method> <!-- start -->
        <test-method signature="buyProduct()[pri:0, instance:com.flipkart.testLayer.TestClass@32eff876]" started-at="2023-02-19T11:47:42 IST" name="buyProduct" finished-at="2023-02-19T11:47:50 IST" duration-ms="7370" status="PASS">
          <reporter-output>
          </reporter-output>
        </test-method> <!-- buyProduct -->
        <test-method is-config="true" signature="stop()[pri:0, instance:com.flipkart.testLayer.TestClass@32eff876]" started-at="2023-02-19T11:47:50 IST" name="stop" finished-at="2023-02-19T11:47:50 IST" duration-ms="1" status="PASS">
          <reporter-output>
          </reporter-output>
        </test-method> <!-- stop -->
      </class> <!-- com.flipkart.testLayer.TestClass -->
    </test> <!-- Default test -->
  </suite> <!-- Default suite -->
</testng-results>
